<?xml version="1.0" encoding="UTF-8"?>
<!-- Generated by org.testng.reporters.JUnitXMLReporter -->
<testsuite hostname="akshayj-win12" ignored="0" name="Test" tests="3" failures="0" timestamp="10 Apr 2018 13:03:59 GMT" time="0.188" errors="0">
  <testcase name="Addition" time="0.031" classname="jenkins.test.VerifyTest1"/>
  <testcase name="Division" time="0.031" classname="jenkins.test.VerifyTest1"/>
  <testcase name="Multiplication" time="0.016" classname="jenkins.test.VerifyTest1"/>
</testsuite> <!-- Test -->
