<?xml version="1.0" encoding="UTF-8"?>
<testng-results skipped="0" failed="0" ignored="0" total="3" passed="3">
  <reporter-output>
  </reporter-output>
  <suite name="Suite" duration-ms="188" started-at="2018-04-10T13:03:58Z" finished-at="2018-04-10T13:03:58Z">
    <groups>
    </groups>
    <test name="Test" duration-ms="188" started-at="2018-04-10T13:03:58Z" finished-at="2018-04-10T13:03:58Z">
      <class name="jenkins.test.VerifyTest1">
        <test-method status="PASS" signature="Addition()[pri:0, instance:jenkins.test.VerifyTest1@12843fce]" name="Addition" duration-ms="31" started-at="2018-04-10T18:33:58Z" finished-at="2018-04-10T18:33:58Z">
          <reporter-output>
          </reporter-output>
        </test-method> <!-- Addition -->
        <test-method status="PASS" signature="Division()[pri:0, instance:jenkins.test.VerifyTest1@12843fce]" name="Division" duration-ms="31" started-at="2018-04-10T18:33:58Z" finished-at="2018-04-10T18:33:58Z">
          <reporter-output>
          </reporter-output>
        </test-method> <!-- Division -->
        <test-method status="PASS" signature="Multiplication()[pri:0, instance:jenkins.test.VerifyTest1@12843fce]" name="Multiplication" duration-ms="16" started-at="2018-04-10T18:33:58Z" finished-at="2018-04-10T18:33:58Z">
          <reporter-output>
          </reporter-output>
        </test-method> <!-- Multiplication -->
      </class> <!-- jenkins.test.VerifyTest1 -->
    </test> <!-- Test -->
  </suite> <!-- Suite -->
</testng-results>
